2026-03-11 16:30:47,156  INFO     kalshi.client  KalshiClient init — LIVE mode
2026-03-11 16:30:47,157  INFO     kalshi.bot  ============================================================
2026-03-11 16:30:47,159  INFO     kalshi.bot    KALSHI EDGE BOT STARTING
2026-03-11 16:30:47,161  INFO     kalshi.bot    Mode: LIVE
2026-03-11 16:30:47,161  INFO     kalshi.bot    Dry-run: False  Scan-only: False
2026-03-11 16:30:47,162  INFO     kalshi.bot    Strategies: ['ARBS', 'SPREAD', 'DRIFT', 'VALUE']
2026-03-11 16:30:47,163  INFO     kalshi.bot  ============================================================
2026-03-11 16:30:47,341  WARNING  kalshi.bot  Reconcile failed — could not fetch positions: 'market_ticker'
2026-03-11 16:30:47,565  WARNING  kalshi.bot  Reconcile failed — could not fetch positions: 'market_ticker'
2026-03-11 16:30:47,643  INFO     kalshi.bot  ── Scanning markets (cycle 1) ──
2026-03-11 16:30:54,478  INFO     kalshi.bot    Scanned 525 markets → 5 signals
2026-03-11 16:30:54,479  INFO     kalshi.bot  [1m[32m→ ENTER[0m  [DRIFT] KXNBAAST-26MAR11HOUDEN-DENAGORDON32-6 BUY YES @ 6¢  fair=64.6¢  edge=906.6%  conf=38%  ×8  cost=$0.48  
2026-03-11 16:30:54,539  INFO     kalshi.bot    Order placed: e05b52a8-7711-46b6-9bf5-f9a3fac78b30
2026-03-11 16:30:55,050  INFO     kalshi.bot  [1m[32m→ ENTER[0m  [DRIFT] KXNBABLK-26MAR11TORNOP-NOPZWILLIAMSON1-1 BUY YES @ 47¢  fair=91.0¢  edge=86.5%  conf=38%  ×8  cost=$3.76  
2026-03-11 16:30:55,120  INFO     kalshi.bot    Order placed: f53e1d29-0120-4316-8738-bfe68897fbf9
2026-03-11 16:30:55,632  INFO     kalshi.bot  [1m[32m→ ENTER[0m  [DRIFT] KXNBAREB-26MAR11MINLAC-MINAEDWARDS5-8 BUY YES @ 8¢  fair=11.7¢  edge=37.4%  conf=38%  ×8  cost=$0.64  
2026-03-11 16:30:55,678  ERROR    kalshi.bot    Order failed for KXNBAREB-26MAR11MINLAC-MINAEDWARDS5-8: 409 Client Error: Conflict for url: https://api.elections.kalshi.com/trade-api/v2/portfolio/orders
2026-03-11 16:30:56,191  INFO     kalshi.bot  [1m[32m→ ENTER[0m  [DRIFT] KXNBABLK-26MAR11MINLAC-LACBLOPEZ11-1 BUY YES @ 64¢  fair=75.8¢  edge=15.4%  conf=38%  ×8  cost=$5.12  
2026-03-11 16:30:56,258  INFO     kalshi.bot    Order placed: 7c82f97e-7782-47db-95ae-d11cfa2be08c
2026-03-11 16:30:56,770  INFO     kalshi.bot  [1m[32m→ ENTER[0m  [DRIFT] KXNBAPTS-26MAR11CHASAC-SACDDEROZAN10-10 BUY YES @ 79¢  fair=83.3¢  edge=3.9%  conf=38%  ×8  cost=$6.32  
2026-03-11 16:30:56,832  ERROR    kalshi.bot    Order failed for KXNBAPTS-26MAR11CHASAC-SACDDEROZAN10-10: 409 Client Error: Conflict for url: https://api.elections.kalshi.com/trade-api/v2/portfolio/orders
2026-03-11 16:30:59,472  INFO     kalshi.bot  ── Monitoring 3 positions ──
2026-03-11 16:31:03,982  WARNING  kalshi.bot  Reconcile failed — could not fetch positions: 'market_ticker'
2026-03-11 16:31:04,038  INFO     kalshi.bot  ── Scanning markets (cycle 2) ──
2026-03-11 16:31:11,484  INFO     kalshi.bot    Scanned 525 markets → 5 signals
2026-03-11 16:31:11,485  INFO     kalshi.bot  [1m[32m→ ENTER[0m  [DRIFT] KXNBAAST-26MAR11HOUDEN-DENAGORDON32-6 BUY YES @ 6¢  fair=64.6¢  edge=906.6%  conf=38%  ×7  cost=$0.42  
2026-03-11 16:31:11,546  INFO     kalshi.bot    Order placed: 82bfb487-94b2-4135-ad7c-e30dcbbaa439
2026-03-11 16:31:12,051  INFO     kalshi.bot  [1m[32m→ ENTER[0m  [DRIFT] KXNBABLK-26MAR11TORNOP-NOPZWILLIAMSON1-1 BUY YES @ 47¢  fair=91.0¢  edge=86.5%  conf=38%  ×7  cost=$3.29  
2026-03-11 16:31:12,136  INFO     kalshi.bot    Order placed: 6b9501c7-ef04-4ba7-a70d-f5972ea4d93f
2026-03-11 16:31:12,647  INFO     kalshi.bot  [1m[32m→ ENTER[0m  [DRIFT] KXNBAREB-26MAR11MINLAC-MINAEDWARDS5-8 BUY YES @ 8¢  fair=11.7¢  edge=37.4%  conf=38%  ×7  cost=$0.56  
2026-03-11 16:31:12,691  ERROR    kalshi.bot    Order failed for KXNBAREB-26MAR11MINLAC-MINAEDWARDS5-8: 409 Client Error: Conflict for url: https://api.elections.kalshi.com/trade-api/v2/portfolio/orders
2026-03-11 16:31:13,202  INFO     kalshi.bot  [1m[32m→ ENTER[0m  [DRIFT] KXNBABLK-26MAR11MINLAC-LACBLOPEZ11-1 BUY YES @ 64¢  fair=75.8¢  edge=15.4%  conf=38%  ×7  cost=$4.48  
2026-03-11 16:31:13,258  INFO     kalshi.bot    Order placed: 7687990b-629c-41e0-8dc4-e4a936ad421d
2026-03-11 16:31:13,769  INFO     kalshi.bot  [1m[32m→ ENTER[0m  [DRIFT] KXNBAPTS-26MAR11CHASAC-SACDDEROZAN10-10 BUY YES @ 79¢  fair=83.3¢  edge=3.9%  conf=38%  ×7  cost=$5.53  
2026-03-11 16:31:13,828  ERROR    kalshi.bot    Order failed for KXNBAPTS-26MAR11CHASAC-SACDDEROZAN10-10: 409 Client Error: Conflict for url: https://api.elections.kalshi.com/trade-api/v2/portfolio/orders
2026-03-11 16:31:16,474  INFO     kalshi.bot  ── Monitoring 3 positions ──
2026-03-11 16:31:20,979  WARNING  kalshi.bot  Reconcile failed — could not fetch positions: 'market_ticker'
2026-03-11 16:31:21,043  WARNING  kalshi.risk  HALT: daily loss 20.5% exceeds limit
2026-03-11 16:31:23,181  INFO     kalshi.bot  ── Monitoring 3 positions ──
2026-03-11 16:31:29,092  INFO     kalshi.bot  ── Monitoring 3 positions ──
2026-03-11 16:31:35,707  INFO     kalshi.bot  ── Monitoring 3 positions ──
2026-03-11 16:31:38,054  WARNING  kalshi.bot  Reconcile failed — could not fetch positions: 'market_ticker'
2026-03-11 16:31:42,416  INFO     kalshi.bot  ── Monitoring 3 positions ──
2026-03-11 16:31:49,268  INFO     kalshi.bot  ── Monitoring 3 positions ──
2026-03-11 16:31:53,740  WARNING  kalshi.bot  Reconcile failed — could not fetch positions: 'market_ticker'
2026-03-11 16:31:55,350  INFO     kalshi.bot  ── Monitoring 3 positions ──
2026-03-11 16:32:01,943  INFO     kalshi.bot  ── Monitoring 3 positions ──
2026-03-11 16:32:08,480  INFO     kalshi.bot  ── Monitoring 3 positions ──
2026-03-11 16:32:10,862  WARNING  kalshi.bot  Reconcile failed — could not fetch positions: 'market_ticker'
2026-03-11 16:32:15,215  INFO     kalshi.bot  ── Monitoring 3 positions ──
2026-03-11 16:32:21,754  INFO     kalshi.bot  ── Monitoring 3 positions ──
2026-03-11 16:32:26,242  WARNING  kalshi.bot  Reconcile failed — could not fetch positions: 'market_ticker'
2026-03-11 16:32:27,836  INFO     kalshi.bot  ── Monitoring 3 positions ──
2026-03-11 16:32:34,341  INFO     kalshi.bot  ── Monitoring 3 positions ──
2026-03-11 16:32:40,888  INFO     kalshi.bot  ── Monitoring 3 positions ──
2026-03-11 16:32:43,239  WARNING  kalshi.bot  Reconcile failed — could not fetch positions: 'market_ticker'
2026-03-11 16:32:47,561  INFO     kalshi.bot  ── Monitoring 3 positions ──
2026-03-11 16:32:54,093  INFO     kalshi.bot  ── Monitoring 3 positions ──
2026-03-11 16:32:58,519  WARNING  kalshi.bot  Reconcile failed — could not fetch positions: 'market_ticker'
2026-03-11 16:33:00,154  INFO     kalshi.bot  ── Monitoring 3 positions ──
2026-03-11 16:33:06,691  INFO     kalshi.bot  ── Monitoring 3 positions ──
2026-03-11 16:33:13,247  INFO     kalshi.bot  ── Monitoring 3 positions ──
2026-03-11 16:33:15,594  WARNING  kalshi.bot  Reconcile failed — could not fetch positions: 'market_ticker'
2026-03-11 16:33:19,896  INFO     kalshi.bot  ── Monitoring 3 positions ──
2026-03-11 16:33:26,486  INFO     kalshi.bot  ── Monitoring 3 positions ──
2026-03-11 16:33:32,396  INFO     kalshi.bot  ── Monitoring 3 positions ──
2026-03-11 16:33:32,650  WARNING  kalshi.bot  Reconcile failed — could not fetch positions: 'market_ticker'
2026-03-11 16:33:39,083  INFO     kalshi.bot  ── Monitoring 3 positions ──
2026-03-11 16:33:45,599  INFO     kalshi.bot  ── Monitoring 3 positions ──
2026-03-11 16:33:47,995  WARNING  kalshi.bot  Reconcile failed — could not fetch positions: 'market_ticker'
2026-03-11 16:33:52,290  INFO     kalshi.bot  ── Monitoring 3 positions ──
2026-03-11 16:33:58,819  INFO     kalshi.bot  ── Monitoring 3 positions ──
2026-03-11 16:34:04,719  INFO     kalshi.bot  ── Monitoring 3 positions ──
2026-03-11 16:34:04,927  WARNING  kalshi.bot  Reconcile failed — could not fetch positions: 'market_ticker'
2026-03-11 16:34:11,341  INFO     kalshi.bot  ── Monitoring 3 positions ──
2026-03-11 16:34:17,886  INFO     kalshi.bot  ── Monitoring 3 positions ──
2026-03-11 16:34:20,216  WARNING  kalshi.bot  Reconcile failed — could not fetch positions: 'market_ticker'
2026-03-11 16:34:24,503  INFO     kalshi.bot  ── Monitoring 3 positions ──
2026-03-11 16:34:31,007  INFO     kalshi.bot  ── Monitoring 3 positions ──
2026-03-11 16:34:36,944  INFO     kalshi.bot  ── Monitoring 3 positions ──
2026-03-11 16:34:37,152  WARNING  kalshi.bot  Reconcile failed — could not fetch positions: 'market_ticker'
2026-03-11 16:34:43,595  INFO     kalshi.bot  ── Monitoring 3 positions ──
2026-03-11 16:34:50,143  INFO     kalshi.bot  ── Monitoring 3 positions ──
2026-03-11 16:34:52,455  WARNING  kalshi.bot  Reconcile failed — could not fetch positions: 'market_ticker'
2026-03-11 16:34:56,795  INFO     kalshi.bot  ── Monitoring 3 positions ──
2026-03-11 16:35:03,313  INFO     kalshi.bot  ── Monitoring 3 positions ──
2026-03-11 16:35:09,290  INFO     kalshi.bot  ── Monitoring 3 positions ──
2026-03-11 16:35:09,499  WARNING  kalshi.bot  Reconcile failed — could not fetch positions: 'market_ticker'
2026-03-11 16:35:15,923  INFO     kalshi.bot  ── Monitoring 3 positions ──
2026-03-11 16:35:22,452  INFO     kalshi.bot  ── Monitoring 3 positions ──
2026-03-11 16:35:24,781  WARNING  kalshi.bot  Reconcile failed — could not fetch positions: 'market_ticker'
2026-03-11 16:35:29,072  INFO     kalshi.bot  ── Monitoring 3 positions ──
2026-03-11 16:35:35,646  INFO     kalshi.bot  ── Monitoring 3 positions ──
2026-03-11 16:35:46,519  INFO     kalshi.client  KalshiClient init — LIVE mode
2026-03-11 16:35:46,520  INFO     kalshi.bot  ============================================================
2026-03-11 16:35:46,521  INFO     kalshi.bot    KALSHI EDGE BOT STARTING
2026-03-11 16:35:46,522  INFO     kalshi.bot    Mode: LIVE
2026-03-11 16:35:46,523  INFO     kalshi.bot    Dry-run: False  Scan-only: False
2026-03-11 16:35:46,524  INFO     kalshi.bot    Strategies: ['ARBS', 'SPREAD', 'DRIFT', 'VALUE']
2026-03-11 16:35:46,525  INFO     kalshi.bot  ============================================================
2026-03-11 16:35:46,528  INFO     kalshi.bot  Loaded 3 positions from disk: ['KXNBAAST-26MAR11HOUDEN-DENAGORDON32-6', 'KXNBABLK-26MAR11TORNOP-NOPZWILLIAMSON1-1', 'KXNBABLK-26MAR11MINLAC-LACBLOPEZ11-1']
2026-03-11 16:35:46,693  WARNING  kalshi.bot  RECONCILE: adopting orphaned position KXBTC-26MAR1217-B70750 YES ×4 entry~14¢
2026-03-11 16:35:46,694  WARNING  kalshi.bot  RECONCILE: adopting orphaned position KXFED-27APR-T2.00 YES ×4 entry~78¢
2026-03-11 16:35:46,694  WARNING  kalshi.bot  RECONCILE: adopting orphaned position KXFED-27APR-T2.50 YES ×4 entry~64¢
2026-03-11 16:35:46,695  WARNING  kalshi.bot  RECONCILE: adopting orphaned position KXFED-27APR-T3.00 YES ×2 entry~60¢
2026-03-11 16:35:46,696  WARNING  kalshi.bot  RECONCILE: adopting orphaned position KXCPI-26MAR-T1.0 NO ×3 entry~65¢
2026-03-11 16:35:46,697  WARNING  kalshi.bot  RECONCILE: adopting orphaned position KXINX-26MAR13H1600-B6812 YES ×2 entry~14¢
2026-03-11 16:35:46,698  WARNING  kalshi.bot  RECONCILE: adopting orphaned position KXCPI-26MAY-T0.5 YES ×5 entry~21¢
2026-03-11 16:35:46,700  INFO     kalshi.bot  Reconcile complete — 10 positions active
2026-03-11 16:35:46,816  INFO     kalshi.bot  ── Monitoring 10 positions ──
2026-03-11 16:35:47,230  INFO     kalshi.bot  [32m← EXIT[0m  KXCPI-26MAR-T1.0 NO ×3 entry=65¢ target=72¢ age=0.0h  pnl=$+0.66  reason=TARGET  87¢ >= 72¢
2026-03-11 16:35:47,458  INFO     kalshi.bot  Reconcile complete — 9 positions active
2026-03-11 16:35:47,521  INFO     kalshi.bot  ── Scanning markets (cycle 1) ──
2026-03-11 16:35:54,956  INFO     kalshi.bot    Scanned 525 markets → 4 signals
2026-03-11 16:35:54,958  INFO     kalshi.bot  [1m[32m→ ENTER[0m  [DRIFT] KXNBAREB-26MAR11CHASAC-SACRWESTBROOK18-8 BUY YES @ 6¢  fair=10.8¢  edge=68.9%  conf=38%  ×7  cost=$0.42  
2026-03-11 16:35:55,021  INFO     kalshi.bot    Order placed: bb35b8c9-7188-4910-a6e1-55151c5d33b2
2026-03-11 16:35:55,525  INFO     kalshi.bot  [1m[32m→ ENTER[0m  [DRIFT] KXNBAREB-26MAR11MINLAC-MINAEDWARDS5-8 BUY YES @ 8¢  fair=11.9¢  edge=39.2%  conf=38%  ×7  cost=$0.56  
2026-03-11 16:35:55,588  INFO     kalshi.bot    Order placed: 30c917d2-8eda-4a3a-aae7-400c61093be2
2026-03-11 16:35:56,090  INFO     kalshi.bot  [1m[32m→ ENTER[0m  [DRIFT] KXNBAPTS-26MAR11CHASAC-SACDDEROZAN10-10 BUY YES @ 79¢  fair=83.8¢  edge=4.5%  conf=38%  ×7  cost=$5.53  
2026-03-11 16:35:56,152  INFO     kalshi.bot    Order placed: 3a8dd079-3d3e-444b-b646-ffd58b9c8062
2026-03-11 16:35:56,654  INFO     kalshi.bot  [1m[32m→ ENTER[0m  [DRIFT] KXNBAAST-26MAR11CHASAC-SACDDEROZAN10-8 BUY YES @ 9¢  fair=9.9¢  edge=3.5%  conf=38%  ×1  cost=$0.09  
2026-03-11 16:35:56,708  INFO     kalshi.bot    Order placed: ab92b347-f58b-4c21-b4d0-f3c93001596a
2026-03-11 16:35:59,392  INFO     kalshi.bot  ── Monitoring 13 positions ──
2026-03-11 16:35:59,932  INFO     kalshi.bot  [31m← EXIT[0m  KXNBAREB-26MAR11CHASAC-SACRWESTBROOK18-8 YES ×7 entry=6¢ target=11¢ age=0.0h  pnl=$-0.35  reason=STOP  1¢ <= 2¢
2026-03-11 16:36:02,316  WARNING  kalshi.bot  RECONCILE: adopting orphaned position KXNBAREB-26MAR11CHASAC-SACRWESTBROOK18-8 YES ×4 entry~6¢
2026-03-11 16:36:02,317  INFO     kalshi.bot  Reconcile complete — 13 positions active
2026-03-11 16:36:02,375  INFO     kalshi.bot  ── Scanning markets (cycle 2) ──
2026-03-11 16:36:09,035  INFO     kalshi.bot    Scanned 525 markets → 4 signals
2026-03-11 16:36:09,037  INFO     kalshi.bot  [1m[32m→ ENTER[0m  [DRIFT] KXNBAREB-26MAR11CHASAC-SACRWESTBROOK18-8 BUY YES @ 6¢  fair=10.8¢  edge=68.9%  conf=38%  ×6  cost=$0.36  
2026-03-11 16:36:09,113  INFO     kalshi.bot    Order placed: 913493f1-951b-4bcc-ad1c-269b84944f14
2026-03-11 16:36:09,625  INFO     kalshi.bot  [1m[32m→ ENTER[0m  [DRIFT] KXNBAREB-26MAR11MINLAC-MINAEDWARDS5-8 BUY YES @ 8¢  fair=11.9¢  edge=39.2%  conf=38%  ×6  cost=$0.48  
2026-03-11 16:36:09,680  INFO     kalshi.bot    Order placed: a3085881-2bc8-4574-81ba-0d54226897a8
2026-03-11 16:36:10,189  INFO     kalshi.bot  [1m[32m→ ENTER[0m  [DRIFT] KXNBAPTS-26MAR11CHASAC-SACDDEROZAN10-10 BUY YES @ 79¢  fair=83.8¢  edge=4.5%  conf=38%  ×6  cost=$4.74  
2026-03-11 16:36:10,255  INFO     kalshi.bot    Order placed: ca058851-1263-4637-9ca6-302922ac1b80
2026-03-11 16:36:10,767  INFO     kalshi.bot  [1m[32m→ ENTER[0m  [DRIFT] KXNBAAST-26MAR11CHASAC-SACDDEROZAN10-8 BUY YES @ 9¢  fair=9.9¢  edge=3.5%  conf=38%  ×1  cost=$0.09  
2026-03-11 16:36:10,831  INFO     kalshi.bot    Order placed: ff9c4c9f-7033-41e6-b347-3d91dff92eba
2026-03-11 16:36:13,485  INFO     kalshi.bot  ── Monitoring 13 positions ──
2026-03-11 16:36:18,484  INFO     kalshi.bot  Reconcile complete — 13 positions active
2026-03-11 16:36:18,572  INFO     kalshi.bot  ── Scanning markets (cycle 3) ──
2026-03-11 16:36:26,129  INFO     kalshi.bot    Scanned 625 markets → 0 signals
2026-03-11 16:36:28,262  INFO     kalshi.bot  ── Monitoring 13 positions ──
2026-03-11 16:36:35,416  INFO     kalshi.bot  ── Monitoring 13 positions ──
2026-03-11 16:36:36,151  INFO     kalshi.bot  Reconcile complete — 13 positions active
2026-03-11 16:36:36,221  INFO     kalshi.bot  ── Scanning markets (cycle 4) ──
2026-03-11 16:36:43,205  INFO     kalshi.bot    Scanned 625 markets → 0 signals
2026-03-11 16:36:45,347  INFO     kalshi.bot  ── Monitoring 13 positions ──
2026-03-11 16:36:52,433  INFO     kalshi.bot  ── Monitoring 13 positions ──
2026-03-11 16:36:53,168  INFO     kalshi.bot  Reconcile complete — 13 positions active
2026-03-11 16:36:53,234  INFO     kalshi.bot  ── Scanning markets (cycle 5) ──
2026-03-11 16:37:00,730  INFO     kalshi.bot    Scanned 625 markets → 0 signals
2026-03-11 16:37:02,860  INFO     kalshi.bot  ── Monitoring 13 positions ──
2026-03-11 16:37:07,892  INFO     kalshi.bot  Reconcile complete — 13 positions active
2026-03-11 16:37:07,962  INFO     kalshi.bot  ── Scanning markets (cycle 6) ──
2026-03-11 16:37:14,367  INFO     kalshi.bot    Scanned 625 markets → 0 signals
2026-03-11 16:37:16,484  INFO     kalshi.bot  ── Monitoring 13 positions ──
2026-03-11 16:37:23,567  INFO     kalshi.bot  ── Monitoring 13 positions ──
2026-03-11 16:37:24,316  INFO     kalshi.bot  Reconcile complete — 13 positions active
2026-03-11 16:37:24,381  INFO     kalshi.bot  ── Scanning markets (cycle 7) ──
2026-03-11 16:37:32,077  INFO     kalshi.bot    Scanned 625 markets → 0 signals
2026-03-11 16:37:34,215  INFO     kalshi.bot  ── Monitoring 13 positions ──
2026-03-11 16:37:39,294  INFO     kalshi.bot  ── Monitoring 13 positions ──
2026-03-11 16:37:40,214  INFO     kalshi.bot  Reconcile complete — 13 positions active
2026-03-11 16:37:40,306  INFO     kalshi.bot  ── Scanning markets (cycle 8) ──
2026-03-11 16:37:47,435  INFO     kalshi.bot    Scanned 625 markets → 0 signals
2026-03-11 16:37:49,576  INFO     kalshi.bot  ── Monitoring 13 positions ──
2026-03-11 16:37:54,554  INFO     kalshi.bot  Reconcile complete — 13 positions active
2026-03-11 16:37:54,623  INFO     kalshi.bot  ── Scanning markets (cycle 9) ──
2026-03-11 16:38:01,782  INFO     kalshi.bot    Scanned 625 markets → 0 signals
2026-03-11 16:38:03,929  INFO     kalshi.bot  ── Monitoring 13 positions ──
2026-03-11 16:38:08,943  INFO     kalshi.bot  ── Monitoring 13 positions ──
2026-03-11 16:38:11,849  INFO     kalshi.bot  Reconcile complete — 13 positions active
2026-03-11 16:38:11,915  INFO     kalshi.bot  ── Scanning markets (cycle 10) ──
2026-03-11 16:38:18,890  INFO     kalshi.bot    Scanned 625 markets → 0 signals
2026-03-11 16:38:21,060  INFO     kalshi.bot  ── Monitoring 13 positions ──
2026-03-11 16:38:28,159  INFO     kalshi.bot  ── Monitoring 13 positions ──
2026-03-11 16:38:28,975  INFO     kalshi.bot  Reconcile complete — 13 positions active
2026-03-11 16:38:29,076  INFO     kalshi.bot  ── Scanning markets (cycle 11) ──
2026-03-11 16:38:36,635  INFO     kalshi.bot    Scanned 625 markets → 0 signals
2026-03-11 16:38:38,839  INFO     kalshi.bot  ── Monitoring 13 positions ──
2026-03-11 16:38:43,839  INFO     kalshi.bot  ── Monitoring 13 positions ──
2026-03-11 16:38:44,625  INFO     kalshi.bot  Reconcile complete — 13 positions active
2026-03-11 16:38:44,700  INFO     kalshi.bot  ── Scanning markets (cycle 12) ──
2026-03-11 16:38:51,653  INFO     kalshi.bot    Scanned 625 markets → 0 signals
2026-03-11 16:38:53,814  INFO     kalshi.bot  ── Monitoring 13 positions ──
2026-03-11 16:39:00,988  INFO     kalshi.bot  ── Monitoring 13 positions ──
2026-03-11 16:39:01,786  INFO     kalshi.bot  Reconcile complete — 13 positions active
2026-03-11 16:39:01,848  INFO     kalshi.bot  ── Scanning markets (cycle 13) ──
2026-03-11 16:39:09,428  INFO     kalshi.bot    Scanned 625 markets → 0 signals
2026-03-11 16:39:11,576  INFO     kalshi.bot  ── Monitoring 13 positions ──
2026-03-11 16:39:16,645  INFO     kalshi.bot  Reconcile complete — 13 positions active
2026-03-11 16:39:16,695  INFO     kalshi.bot  ── Scanning markets (cycle 14) ──
2026-03-11 16:39:23,138  INFO     kalshi.bot    Scanned 625 markets → 0 signals
2026-03-11 16:39:25,272  INFO     kalshi.bot  ── Monitoring 13 positions ──
2026-03-11 16:39:32,360  INFO     kalshi.bot  ── Monitoring 13 positions ──
2026-03-11 16:39:33,109  INFO     kalshi.bot  Reconcile complete — 13 positions active
2026-03-11 16:39:33,182  INFO     kalshi.bot  ── Scanning markets (cycle 15) ──
2026-03-11 16:39:40,722  INFO     kalshi.bot    Scanned 625 markets → 0 signals
2026-03-11 16:39:42,871  INFO     kalshi.bot  ── Monitoring 13 positions ──
2026-03-11 16:39:47,897  INFO     kalshi.bot  ── Monitoring 13 positions ──
2026-03-11 16:39:48,615  INFO     kalshi.bot  Reconcile complete — 13 positions active
2026-03-11 16:39:48,700  INFO     kalshi.bot  ── Scanning markets (cycle 16) ──
2026-03-11 16:39:55,656  INFO     kalshi.bot    Scanned 625 markets → 0 signals
2026-03-11 16:39:57,783  INFO     kalshi.bot  ── Monitoring 13 positions ──
2026-03-11 16:40:04,962  INFO     kalshi.bot  ── Monitoring 13 positions ──
2026-03-11 16:40:05,727  INFO     kalshi.bot  Reconcile complete — 13 positions active
2026-03-11 16:40:05,794  INFO     kalshi.bot  ── Scanning markets (cycle 17) ──
2026-03-11 16:40:13,267  INFO     kalshi.bot    Scanned 625 markets → 0 signals
2026-03-11 16:40:15,401  INFO     kalshi.bot  ── Monitoring 13 positions ──
2026-03-11 16:40:20,500  INFO     kalshi.bot  Reconcile complete — 13 positions active
2026-03-11 16:40:20,604  INFO     kalshi.bot  ── Scanning markets (cycle 18) ──
2026-03-11 16:40:27,149  INFO     kalshi.bot    Scanned 625 markets → 0 signals
2026-03-11 16:40:29,307  INFO     kalshi.bot  ── Monitoring 13 positions ──
2026-03-11 16:40:34,345  INFO     kalshi.bot  ── Monitoring 13 positions ──
2026-03-11 16:40:37,435  INFO     kalshi.bot  Reconcile complete — 13 positions active
2026-03-11 16:40:37,487  INFO     kalshi.bot  ── Scanning markets (cycle 19) ──
2026-03-11 16:40:45,274  INFO     kalshi.bot    Scanned 625 markets → 0 signals
2026-03-11 16:40:47,438  INFO     kalshi.bot  ── Monitoring 13 positions ──
2026-03-11 16:40:52,481  INFO     kalshi.bot  Reconcile complete — 13 positions active
2026-03-11 16:40:52,571  INFO     kalshi.bot  ── Scanning markets (cycle 20) ──
2026-03-11 16:40:58,953  INFO     kalshi.bot    Scanned 625 markets → 0 signals
2026-03-11 16:41:01,119  INFO     kalshi.bot  ── Monitoring 13 positions ──
2026-03-11 16:41:06,126  INFO     kalshi.bot  ── Monitoring 13 positions ──
2026-03-11 16:41:09,024  INFO     kalshi.bot  Reconcile complete — 13 positions active
2026-03-11 16:41:09,083  INFO     kalshi.bot  ── Scanning markets (cycle 21) ──
2026-03-11 16:41:16,624  INFO     kalshi.bot    Scanned 625 markets → 0 signals
2026-03-11 16:41:18,785  INFO     kalshi.bot  ── Monitoring 13 positions ──
2026-03-11 16:41:23,822  INFO     kalshi.bot  ── Monitoring 13 positions ──
2026-03-11 16:41:26,116  INFO     kalshi.bot  Reconcile complete — 13 positions active
2026-03-11 16:41:26,187  INFO     kalshi.bot  ── Scanning markets (cycle 22) ──
2026-03-11 16:41:33,751  INFO     kalshi.bot    Scanned 625 markets → 0 signals
2026-03-11 16:41:35,904  INFO     kalshi.bot  ── Monitoring 13 positions ──
2026-03-11 16:41:40,975  INFO     kalshi.bot  ── Monitoring 13 positions ──
2026-03-11 16:41:43,894  INFO     kalshi.bot  Reconcile complete — 13 positions active
2026-03-11 16:41:43,965  INFO     kalshi.bot  ── Scanning markets (cycle 23) ──
2026-03-11 16:41:51,802  INFO     kalshi.bot    Scanned 625 markets → 0 signals
2026-03-11 16:41:53,987  INFO     kalshi.bot  ── Monitoring 13 positions ──
2026-03-11 16:42:00,726  INFO     kalshi.bot  ── Monitoring 13 positions ──
2026-03-11 16:42:01,447  INFO     kalshi.bot  Reconcile complete — 13 positions active
2026-03-11 16:42:01,506  INFO     kalshi.bot  ── Scanning markets (cycle 24) ──
2026-03-11 16:42:09,062  INFO     kalshi.bot    Scanned 625 markets → 0 signals
2026-03-11 16:42:11,188  INFO     kalshi.bot  ── Monitoring 13 positions ──
2026-03-11 16:42:16,203  INFO     kalshi.bot  Reconcile complete — 13 positions active
2026-03-11 16:42:16,277  INFO     kalshi.bot  ── Scanning markets (cycle 25) ──
2026-03-11 16:42:23,462  INFO     kalshi.bot    Scanned 625 markets → 0 signals
2026-03-11 16:42:25,618  INFO     kalshi.bot  ── Monitoring 13 positions ──
2026-03-11 16:42:32,153  INFO     kalshi.bot  ── Monitoring 13 positions ──
2026-03-11 16:42:32,973  INFO     kalshi.bot  Reconcile complete — 13 positions active
2026-03-11 16:42:33,055  INFO     kalshi.bot  ── Scanning markets (cycle 26) ──
2026-03-11 16:42:40,705  INFO     kalshi.bot    Scanned 625 markets → 0 signals
2026-03-11 16:42:42,854  INFO     kalshi.bot  ── Monitoring 13 positions ──
2026-03-11 16:42:47,895  INFO     kalshi.bot  ── Monitoring 13 positions ──
2026-03-11 16:42:48,676  INFO     kalshi.bot  Reconcile complete — 13 positions active
2026-03-11 16:42:48,748  INFO     kalshi.bot  ── Scanning markets (cycle 27) ──
2026-03-11 16:42:56,417  INFO     kalshi.bot    Scanned 625 markets → 0 signals
2026-03-11 16:42:58,559  INFO     kalshi.bot  ── Monitoring 13 positions ──
2026-03-11 16:43:03,030  INFO     kalshi.bot  Reconcile complete — 13 positions active
2026-03-11 16:43:03,121  INFO     kalshi.bot  ── Scanning markets (cycle 28) ──
2026-03-11 16:43:10,515  INFO     kalshi.bot    Scanned 625 markets → 0 signals
2026-03-11 16:43:12,659  INFO     kalshi.bot  ── Monitoring 13 positions ──
2026-03-11 16:43:19,813  INFO     kalshi.bot  ── Monitoring 13 positions ──
2026-03-11 16:43:20,544  INFO     kalshi.bot  Reconcile complete — 13 positions active
2026-03-11 16:43:20,609  INFO     kalshi.bot  ── Scanning markets (cycle 29) ──
2026-03-11 16:43:28,186  INFO     kalshi.bot    Scanned 625 markets → 0 signals
2026-03-11 16:43:30,351  INFO     kalshi.bot  ── Monitoring 13 positions ──
2026-03-11 16:43:36,846  INFO     kalshi.bot  ── Monitoring 13 positions ──
2026-03-11 16:43:37,587  INFO     kalshi.bot  Reconcile complete — 13 positions active
2026-03-11 16:43:37,645  INFO     kalshi.bot  ── Scanning markets (cycle 30) ──
2026-03-11 16:43:45,188  INFO     kalshi.bot    Scanned 625 markets → 0 signals
2026-03-11 16:43:47,385  INFO     kalshi.bot  ── Monitoring 13 positions ──
2026-03-11 16:43:52,400  INFO     kalshi.bot  ── Monitoring 13 positions ──
2026-03-11 16:43:53,211  INFO     kalshi.bot  Reconcile complete — 13 positions active
2026-03-11 16:43:53,285  INFO     kalshi.bot  ── Scanning markets (cycle 31) ──
2026-03-11 16:44:00,859  INFO     kalshi.bot    Scanned 625 markets → 0 signals
2026-03-11 16:44:02,296  INFO     kalshi.bot  ── Monitoring 13 positions ──
2026-03-11 16:44:09,337  INFO     kalshi.bot  ── Monitoring 13 positions ──
2026-03-11 16:44:10,073  INFO     kalshi.bot  Reconcile complete — 13 positions active
2026-03-11 16:44:10,139  INFO     kalshi.bot  ── Scanning markets (cycle 32) ──
2026-03-11 16:44:17,695  INFO     kalshi.bot    Scanned 625 markets → 0 signals
2026-03-11 16:44:19,832  INFO     kalshi.bot  ── Monitoring 13 positions ──
2026-03-11 16:44:24,839  INFO     kalshi.bot  ── Monitoring 13 positions ──
2026-03-11 16:44:25,616  INFO     kalshi.bot  Reconcile complete — 13 positions active
2026-03-11 16:44:25,677  INFO     kalshi.bot  ── Scanning markets (cycle 33) ──
2026-03-11 16:44:33,248  INFO     kalshi.bot    Scanned 625 markets → 0 signals
2026-03-11 16:44:34,683  INFO     kalshi.bot  ── Monitoring 13 positions ──
2026-03-11 16:44:41,803  INFO     kalshi.bot  ── Monitoring 13 positions ──
2026-03-11 16:44:42,653  INFO     kalshi.bot  Reconcile complete — 13 positions active
2026-03-11 16:44:42,719  INFO     kalshi.bot  ── Scanning markets (cycle 34) ──
2026-03-11 16:44:50,346  INFO     kalshi.bot    Scanned 625 markets → 0 signals
2026-03-11 16:44:52,522  INFO     kalshi.bot  ── Monitoring 13 positions ──
2026-03-11 16:44:57,564  INFO     kalshi.bot  ── Monitoring 13 positions ──
2026-03-11 16:44:58,364  INFO     kalshi.bot  Reconcile complete — 13 positions active
2026-03-11 16:44:58,429  INFO     kalshi.bot  ── Scanning markets (cycle 35) ──
2026-03-11 16:45:05,548  INFO     kalshi.bot    Scanned 625 markets → 0 signals
2026-03-11 16:45:07,693  INFO     kalshi.bot  ── Monitoring 13 positions ──
2026-03-11 16:45:12,718  INFO     kalshi.bot  ── Monitoring 13 positions ──
2026-03-11 16:45:13,446  INFO     kalshi.bot  Reconcile complete — 13 positions active
2026-03-11 16:45:13,543  INFO     kalshi.bot  ── Scanning markets (cycle 36) ──
2026-03-11 16:45:21,348  INFO     kalshi.bot    Scanned 625 markets → 0 signals
2026-03-11 16:45:23,536  INFO     kalshi.bot  ── Monitoring 13 positions ──
2026-03-11 16:45:28,545  INFO     kalshi.bot  Reconcile complete — 13 positions active
2026-03-11 16:45:28,606  INFO     kalshi.bot  ── Scanning markets (cycle 37) ──
2026-03-11 16:45:36,127  INFO     kalshi.bot    Scanned 625 markets → 0 signals
2026-03-11 16:45:37,630  INFO     kalshi.bot  ── Monitoring 13 positions ──
2026-03-11 16:45:42,661  INFO     kalshi.bot  ── Monitoring 13 positions ──
2026-03-11 16:45:45,517  INFO     kalshi.bot  Reconcile complete — 13 positions active
2026-03-11 16:45:45,588  INFO     kalshi.bot  ── Scanning markets (cycle 38) ──
2026-03-11 16:45:53,069  INFO     kalshi.bot    Scanned 625 markets → 0 signals
2026-03-11 16:45:55,203  INFO     kalshi.bot  ── Monitoring 13 positions ──
2026-03-11 16:46:02,226  INFO     kalshi.bot  ── Monitoring 13 positions ──
2026-03-11 16:46:03,053  INFO     kalshi.bot  Reconcile complete — 13 positions active
2026-03-11 16:46:03,116  INFO     kalshi.bot  ── Scanning markets (cycle 39) ──
2026-03-11 16:46:10,074  INFO     kalshi.bot    Scanned 625 markets → 0 signals
2026-03-11 16:46:12,205  INFO     kalshi.bot  ── Monitoring 13 positions ──
2026-03-11 16:46:19,317  INFO     kalshi.bot  ── Monitoring 13 positions ──
2026-03-11 16:46:20,047  INFO     kalshi.bot  Reconcile complete — 13 positions active
2026-03-11 16:46:20,116  INFO     kalshi.bot  ── Scanning markets (cycle 40) ──
2026-03-11 16:46:27,796  INFO     kalshi.bot    Scanned 625 markets → 0 signals
2026-03-11 16:46:29,953  INFO     kalshi.bot  ── Monitoring 13 positions ──
2026-03-11 16:46:34,981  INFO     kalshi.bot  Reconcile complete — 13 positions active
2026-03-11 16:46:35,053  INFO     kalshi.bot  ── Scanning markets (cycle 41) ──
2026-03-11 16:46:41,539  INFO     kalshi.bot    Scanned 625 markets → 0 signals
2026-03-11 16:46:43,671  INFO     kalshi.bot  ── Monitoring 13 positions ──
2026-03-11 16:46:50,739  INFO     kalshi.bot  ── Monitoring 13 positions ──
2026-03-11 16:46:51,484  INFO     kalshi.bot  Reconcile complete — 13 positions active
2026-03-11 16:46:51,561  INFO     kalshi.bot  ── Scanning markets (cycle 42) ──
2026-03-11 16:46:59,180  INFO     kalshi.bot    Scanned 625 markets → 0 signals
2026-03-11 16:47:01,310  INFO     kalshi.bot  ── Monitoring 13 positions ──
2026-03-11 16:47:06,353  INFO     kalshi.bot  Reconcile complete — 13 positions active
2026-03-11 16:47:06,442  INFO     kalshi.bot  ── Scanning markets (cycle 43) ──
2026-03-11 16:47:12,931  INFO     kalshi.bot    Scanned 625 markets → 0 signals
2026-03-11 16:47:15,062  INFO     kalshi.bot  ── Monitoring 13 positions ──
2026-03-11 16:47:20,093  INFO     kalshi.bot  ── Monitoring 13 positions ──
2026-03-11 16:47:22,934  INFO     kalshi.bot  Reconcile complete — 13 positions active
2026-03-11 16:47:23,010  INFO     kalshi.bot  ── Scanning markets (cycle 44) ──
2026-03-11 16:47:30,650  INFO     kalshi.bot    Scanned 625 markets → 0 signals
2026-03-11 16:47:32,806  INFO     kalshi.bot  ── Monitoring 13 positions ──
2026-03-11 16:47:39,822  INFO     kalshi.bot  ── Monitoring 13 positions ──
2026-03-11 16:47:40,555  INFO     kalshi.bot  Reconcile complete — 13 positions active
2026-03-11 16:47:40,621  INFO     kalshi.bot  ── Scanning markets (cycle 45) ──
2026-03-11 16:47:47,529  INFO     kalshi.bot    Scanned 625 markets → 0 signals
2026-03-11 16:47:49,772  INFO     kalshi.bot  ── Monitoring 13 positions ──
2026-03-11 16:47:55,366  INFO     kalshi.bot  ── Monitoring 13 positions ──
2026-03-11 16:47:56,136  INFO     kalshi.bot  Reconcile complete — 13 positions active
2026-03-11 16:47:56,213  INFO     kalshi.bot  ── Scanning markets (cycle 46) ──
2026-03-11 16:48:03,906  INFO     kalshi.bot    Scanned 625 markets → 0 signals
2026-03-11 16:48:06,025  INFO     kalshi.bot  ── Monitoring 13 positions ──
2026-03-11 16:48:11,057  INFO     kalshi.bot  Reconcile complete — 13 positions active
2026-03-11 16:48:11,113  INFO     kalshi.bot  ── Scanning markets (cycle 47) ──
2026-03-11 16:48:17,525  INFO     kalshi.bot    Scanned 625 markets → 0 signals
2026-03-11 16:48:19,674  INFO     kalshi.bot  ── Monitoring 13 positions ──
2026-03-11 16:48:26,717  INFO     kalshi.bot  ── Monitoring 13 positions ──
2026-03-11 16:48:27,449  INFO     kalshi.bot  Reconcile complete — 13 positions active
2026-03-11 16:48:27,739  INFO     kalshi.bot  ── Scanning markets (cycle 48) ──
2026-03-11 16:48:35,504  INFO     kalshi.bot    Scanned 625 markets → 0 signals
2026-03-11 16:48:37,627  INFO     kalshi.bot  ── Monitoring 13 positions ──
2026-03-11 16:48:42,678  INFO     kalshi.bot  ── Monitoring 13 positions ──
2026-03-11 16:48:43,418  INFO     kalshi.bot  Reconcile complete — 13 positions active
2026-03-11 16:48:43,489  INFO     kalshi.bot  ── Scanning markets (cycle 49) ──
2026-03-11 16:48:50,376  INFO     kalshi.bot    Scanned 625 markets → 0 signals
2026-03-11 16:48:52,497  INFO     kalshi.bot  ── Monitoring 13 positions ──
2026-03-11 16:48:59,588  INFO     kalshi.bot  ── Monitoring 13 positions ──
2026-03-11 16:49:00,330  INFO     kalshi.bot  Reconcile complete — 13 positions active
2026-03-11 16:49:00,405  INFO     kalshi.bot  ── Scanning markets (cycle 50) ──
2026-03-11 16:49:08,071  INFO     kalshi.bot    Scanned 625 markets → 0 signals
2026-03-11 16:49:10,216  INFO     kalshi.bot  ── Monitoring 13 positions ──
2026-03-11 16:49:15,248  INFO     kalshi.bot  Reconcile complete — 13 positions active
2026-03-11 16:49:15,313  INFO     kalshi.bot  ── Scanning markets (cycle 51) ──
2026-03-11 16:49:21,735  INFO     kalshi.bot    Scanned 625 markets → 0 signals
2026-03-11 16:49:23,865  INFO     kalshi.bot  ── Monitoring 13 positions ──
2026-03-11 16:49:31,179  INFO     kalshi.bot  ── Monitoring 13 positions ──
2026-03-11 16:49:31,984  INFO     kalshi.bot  Reconcile complete — 13 positions active
2026-03-11 16:49:32,041  INFO     kalshi.bot  ── Scanning markets (cycle 52) ──
2026-03-11 16:49:39,752  INFO     kalshi.bot    Scanned 625 markets → 0 signals
2026-03-11 16:49:41,883  INFO     kalshi.bot  ── Monitoring 13 positions ──
2026-03-11 16:49:46,896  INFO     kalshi.bot  Reconcile complete — 13 positions active
2026-03-11 16:49:46,977  INFO     kalshi.bot  ── Scanning markets (cycle 53) ──
2026-03-11 16:49:53,330  INFO     kalshi.bot    Scanned 625 markets → 0 signals
2026-03-11 16:49:55,538  INFO     kalshi.bot  ── Monitoring 13 positions ──
2026-03-11 16:50:00,514  INFO     kalshi.bot  ── Monitoring 13 positions ──
2026-03-11 16:50:03,349  INFO     kalshi.bot  Reconcile complete — 13 positions active
2026-03-11 16:50:03,409  INFO     kalshi.bot  ── Scanning markets (cycle 54) ──
2026-03-11 16:50:11,000  INFO     kalshi.bot    Scanned 625 markets → 0 signals
2026-03-11 16:50:13,150  INFO     kalshi.bot  ── Monitoring 13 positions ──
2026-03-11 16:50:13,851  INFO     kalshi.bot  [31m← EXIT[0m  KXNBAAST-26MAR11CHASAC-SACDDEROZAN10-8 YES ×1 entry=9¢ target=11¢ age=0.2h  pnl=$-0.06  reason=STOP  3¢ <= 4¢
2026-03-11 16:50:18,218  INFO     kalshi.bot  ── Monitoring 12 positions ──
2026-03-11 16:50:21,070  WARNING  kalshi.bot  RECONCILE: adopting orphaned position KXNBAAST-26MAR11CHASAC-SACDDEROZAN10-8 YES ×1 entry~9¢
2026-03-11 16:50:21,071  INFO     kalshi.bot  Reconcile complete — 13 positions active
2026-03-11 16:50:21,149  INFO     kalshi.bot  ── Scanning markets (cycle 55) ──
2026-03-11 16:50:28,068  INFO     kalshi.bot    Scanned 625 markets → 0 signals
2026-03-11 16:50:30,197  INFO     kalshi.bot  ── Monitoring 13 positions ──
2026-03-11 16:50:30,868  INFO     kalshi.bot  [31m← EXIT[0m  KXNBAAST-26MAR11CHASAC-SACDDEROZAN10-8 YES ×1 entry=9¢ target=10¢ age=0.0h  pnl=$-0.06  reason=STOP  3¢ <= 4¢
2026-03-11 16:50:37,323  INFO     kalshi.bot  ── Monitoring 12 positions ──
2026-03-11 16:50:38,000  INFO     kalshi.bot  Reconcile complete — 12 positions active
2026-03-11 16:50:38,072  INFO     kalshi.bot  ── Scanning markets (cycle 56) ──
2026-03-11 16:50:45,607  INFO     kalshi.bot    Scanned 625 markets → 0 signals
2026-03-11 16:50:47,731  INFO     kalshi.bot  ── Monitoring 12 positions ──
2026-03-11 16:50:52,729  INFO     kalshi.bot  Reconcile complete — 12 positions active
2026-03-11 16:50:52,791  INFO     kalshi.bot  ── Scanning markets (cycle 57) ──
2026-03-11 16:50:59,056  INFO     kalshi.bot    Scanned 625 markets → 0 signals
2026-03-11 16:51:01,198  INFO     kalshi.bot  ── Monitoring 12 positions ──
2026-03-11 16:51:08,204  INFO     kalshi.bot  ── Monitoring 12 positions ──
2026-03-11 16:51:08,886  INFO     kalshi.bot  Reconcile complete — 12 positions active
2026-03-11 16:51:08,984  INFO     kalshi.bot  ── Scanning markets (cycle 58) ──
2026-03-11 16:51:16,475  INFO     kalshi.bot    Scanned 625 markets → 1 signals
2026-03-11 16:51:16,476  INFO     kalshi.bot  [1m[32m→ ENTER[0m  [DRIFT] KXNBAREB-26MAR11MINLAC-MINRGOBERT27-16 BUY YES @ 13¢  fair=14.3¢  edge=3.3%  conf=38%  ×1  cost=$0.13  
2026-03-11 16:51:16,549  INFO     kalshi.bot    Order placed: f94f41a5-0da6-4872-abc1-443389da3318
2026-03-11 16:51:19,190  INFO     kalshi.bot  ── Monitoring 13 positions ──
2026-03-11 16:51:19,869  INFO     kalshi.bot  [31m← EXIT[0m  KXNBAREB-26MAR11MINLAC-MINRGOBERT27-16 YES ×1 entry=13¢ target=18¢ age=0.0h  pnl=$-0.10  reason=STOP  3¢ <= 5¢
2026-03-11 16:51:24,204  INFO     kalshi.bot  ── Monitoring 12 positions ──
2026-03-11 16:51:24,900  INFO     kalshi.bot  Reconcile complete — 12 positions active
2026-03-11 16:51:24,976  INFO     kalshi.bot  ── Scanning markets (cycle 59) ──
2026-03-11 16:51:31,799  INFO     kalshi.bot    Scanned 625 markets → 1 signals
2026-03-11 16:51:31,801  INFO     kalshi.bot  [1m[32m→ ENTER[0m  [DRIFT] KXNBAREB-26MAR11MINLAC-MINRGOBERT27-16 BUY YES @ 13¢  fair=14.3¢  edge=3.3%  conf=38%  ×1  cost=$0.13  
2026-03-11 16:51:31,868  INFO     kalshi.bot    Order placed: 3bfbb13f-9245-4934-a5f9-9d4e481dae31
2026-03-11 16:51:34,504  INFO     kalshi.bot  ── Monitoring 13 positions ──
2026-03-11 16:51:35,194  INFO     kalshi.bot  [31m← EXIT[0m  KXNBAREB-26MAR11MINLAC-MINRGOBERT27-16 YES ×1 entry=13¢ target=18¢ age=0.0h  pnl=$-0.09  reason=STOP  4¢ <= 5¢
2026-03-11 16:51:39,532  INFO     kalshi.bot  ── Monitoring 12 positions ──
2026-03-11 16:51:40,264  INFO     kalshi.bot  Reconcile complete — 12 positions active
2026-03-11 16:51:40,327  INFO     kalshi.bot  ── Scanning markets (cycle 60) ──
2026-03-11 16:51:48,047  INFO     kalshi.bot    Scanned 625 markets → 1 signals
2026-03-11 16:51:48,048  INFO     kalshi.bot  [1m[32m→ ENTER[0m  [DRIFT] KXNBAPTS-26MAR11CHASAC-SACPACHIUWA9-10 BUY NO @ 32¢  fair=34.4¢  edge=2.2%  conf=38%  ×1  cost=$0.32  
2026-03-11 16:51:48,108  INFO     kalshi.bot    Order placed: 33670758-f568-4e4a-8ad8-62fc5166decf
2026-03-11 16:51:50,781  INFO     kalshi.bot  ── Monitoring 13 positions ──
2026-03-11 16:51:55,770  INFO     kalshi.bot  Reconcile complete — 13 positions active
2026-03-11 16:51:55,852  INFO     kalshi.bot  ── Scanning markets (cycle 61) ──
2026-03-11 16:52:03,003  INFO     kalshi.bot    Scanned 625 markets → 1 signals
2026-03-11 16:52:03,004  INFO     kalshi.bot  [1m[32m→ ENTER[0m  [DRIFT] KXNBAPTS-26MAR11CHASAC-SACPACHIUWA9-10 BUY NO @ 32¢  fair=34.4¢  edge=2.2%  conf=38%  ×1  cost=$0.32  
2026-03-11 16:52:03,065  INFO     kalshi.bot    Order placed: 9e1e1c06-658a-47fa-8cea-ee8de88aeea4
2026-03-11 16:52:05,700  INFO     kalshi.bot  ── Monitoring 13 positions ──
2026-03-11 16:52:12,767  INFO     kalshi.bot  ── Monitoring 13 positions ──
2026-03-11 16:52:13,528  INFO     kalshi.bot  Reconcile complete — 13 positions active
2026-03-11 16:52:13,586  INFO     kalshi.bot  ── Scanning markets (cycle 62) ──
2026-03-11 16:52:21,281  INFO     kalshi.bot    Scanned 625 markets → 0 signals
2026-03-11 16:52:23,422  INFO     kalshi.bot  ── Monitoring 13 positions ──
2026-03-11 16:52:27,812  INFO     kalshi.bot  Reconcile complete — 13 positions active
2026-03-11 16:52:27,883  INFO     kalshi.bot  ── Scanning markets (cycle 63) ──
2026-03-11 16:52:34,959  INFO     kalshi.bot    Scanned 625 markets → 0 signals
2026-03-11 16:52:37,106  INFO     kalshi.bot  ── Monitoring 13 positions ──
2026-03-11 16:52:44,197  INFO     kalshi.bot  ── Monitoring 13 positions ──
2026-03-11 16:52:44,941  INFO     kalshi.bot  Reconcile complete — 13 positions active
2026-03-11 16:52:45,012  INFO     kalshi.bot  ── Scanning markets (cycle 64) ──
2026-03-11 16:52:52,538  INFO     kalshi.bot    Scanned 625 markets → 0 signals
2026-03-11 16:52:54,677  INFO     kalshi.bot  ── Monitoring 13 positions ──
2026-03-11 16:52:59,833  INFO     kalshi.bot  ── Monitoring 13 positions ──
2026-03-11 16:52:59,960  INFO     kalshi.bot  Reconcile complete — 13 positions active
2026-03-11 16:53:00,022  INFO     kalshi.bot  ── Scanning markets (cycle 65) ──
2026-03-11 16:53:07,442  INFO     kalshi.bot    Scanned 625 markets → 0 signals
2026-03-11 16:53:09,572  INFO     kalshi.bot  ── Monitoring 13 positions ──
2026-03-11 16:53:14,590  INFO     kalshi.bot  ── Monitoring 13 positions ──
2026-03-11 16:53:17,402  INFO     kalshi.bot  Reconcile complete — 13 positions active
2026-03-11 16:53:17,465  INFO     kalshi.bot  ── Scanning markets (cycle 66) ──
2026-03-11 16:53:24,978  INFO     kalshi.bot    Scanned 625 markets → 0 signals
2026-03-11 16:53:27,103  INFO     kalshi.bot  ── Monitoring 13 positions ──
2026-03-11 16:53:33,547  INFO     kalshi.bot  ── Monitoring 13 positions ──
2026-03-11 16:53:34,249  INFO     kalshi.bot  Reconcile complete — 13 positions active
2026-03-11 16:53:34,312  INFO     kalshi.bot  ── Scanning markets (cycle 67) ──
2026-03-11 16:53:41,906  INFO     kalshi.bot    Scanned 625 markets → 0 signals
2026-03-11 16:53:44,300  INFO     kalshi.bot  ── Monitoring 13 positions ──
2026-03-11 16:53:49,772  INFO     kalshi.bot  ── Monitoring 13 positions ──
2026-03-11 16:53:50,497  INFO     kalshi.bot  Reconcile complete — 13 positions active
2026-03-11 16:53:50,564  INFO     kalshi.bot  ── Scanning markets (cycle 68) ──
2026-03-11 16:53:58,130  INFO     kalshi.bot    Scanned 625 markets → 0 signals
2026-03-11 16:54:00,255  INFO     kalshi.bot  ── Monitoring 13 positions ──
2026-03-11 16:54:06,696  INFO     kalshi.bot  ── Monitoring 13 positions ──
2026-03-11 16:54:07,448  INFO     kalshi.bot  Reconcile complete — 13 positions active
2026-03-11 16:54:07,502  INFO     kalshi.bot  ── Scanning markets (cycle 69) ──
2026-03-11 16:54:14,904  INFO     kalshi.bot    Scanned 625 markets → 0 signals
2026-03-11 16:54:17,018  INFO     kalshi.bot  ── Monitoring 13 positions ──
2026-03-11 16:54:22,019  INFO     kalshi.bot  Reconcile complete — 13 positions active
2026-03-11 16:54:22,074  INFO     kalshi.bot  ── Scanning markets (cycle 70) ──
2026-03-11 16:54:28,985  INFO     kalshi.bot    Scanned 625 markets → 0 signals
2026-03-11 16:54:31,133  INFO     kalshi.bot  ── Monitoring 13 positions ──
2026-03-11 16:54:37,536  INFO     kalshi.bot  ── Monitoring 13 positions ──
2026-03-11 16:54:38,260  INFO     kalshi.bot  Reconcile complete — 13 positions active
2026-03-11 16:54:38,339  INFO     kalshi.bot  ── Scanning markets (cycle 71) ──
2026-03-11 16:54:42,076  INFO     kalshi.bot  Interrupted by user — shutting down
2026-03-11 16:56:19,722  INFO     kalshi.client  KalshiClient init — LIVE mode
2026-03-11 16:56:19,722  INFO     kalshi.bot  ============================================================
2026-03-11 16:56:19,723  INFO     kalshi.bot    KALSHI EDGE BOT STARTING
2026-03-11 16:56:19,723  INFO     kalshi.bot    Mode: LIVE
2026-03-11 16:56:19,724  INFO     kalshi.bot    Dry-run: False  Scan-only: False
2026-03-11 16:56:19,725  INFO     kalshi.bot    Strategies: ['ARBS', 'SPREAD', 'DRIFT', 'VALUE']
2026-03-11 16:56:19,725  INFO     kalshi.bot  ============================================================
2026-03-11 16:56:19,731  INFO     kalshi.bot  Loaded 13 positions from disk: ['KXNBAAST-26MAR11HOUDEN-DENAGORDON32-6', 'KXNBABLK-26MAR11TORNOP-NOPZWILLIAMSON1-1', 'KXNBABLK-26MAR11MINLAC-LACBLOPEZ11-1', 'KXBTC-26MAR1217-B70750', 'KXFED-27APR-T2.00', 'KXFED-27APR-T2.50', 'KXFED-27APR-T3.00', 'KXINX-26MAR13H1600-B6812', 'KXCPI-26MAY-T0.5', 'KXNBAREB-26MAR11MINLAC-MINAEDWARDS5-8', 'KXNBAPTS-26MAR11CHASAC-SACDDEROZAN10-10', 'KXNBAREB-26MAR11CHASAC-SACRWESTBROOK18-8', 'KXNBAPTS-26MAR11CHASAC-SACPACHIUWA9-10']
2026-03-11 16:56:19,893  INFO     kalshi.bot  Reconcile complete — 13 positions active
2026-03-11 16:56:20,021  INFO     kalshi.bot  ── Monitoring 13 positions ──
2026-03-11 16:56:20,780  INFO     kalshi.bot  Reconcile complete — 13 positions active
2026-03-11 16:56:20,847  INFO     kalshi.bot  ── Scanning markets (cycle 1) ──
2026-03-11 16:56:28,312  INFO     kalshi.bot    Scanned 605 markets → 0 signals
2026-03-11 16:56:30,455  INFO     kalshi.bot  ── Monitoring 13 positions ──
2026-03-11 16:56:35,440  INFO     kalshi.bot  Reconcile complete — 13 positions active
2026-03-11 16:56:35,509  INFO     kalshi.bot  ── Scanning markets (cycle 2) ──
2026-03-11 16:56:42,446  INFO     kalshi.bot    Scanned 605 markets → 0 signals
2026-03-11 16:56:43,930  INFO     kalshi.bot  ── Monitoring 13 positions ──
2026-03-11 16:56:50,963  INFO     kalshi.bot  ── Monitoring 13 positions ──
2026-03-11 16:56:51,674  INFO     kalshi.bot  Reconcile complete — 13 positions active
2026-03-11 16:56:51,763  INFO     kalshi.bot  ── Scanning markets (cycle 3) ──
2026-03-11 16:56:59,288  INFO     kalshi.bot    Scanned 605 markets → 0 signals
2026-03-11 16:57:01,496  INFO     kalshi.bot  ── Monitoring 13 positions ──
